TN:
SF:src\modules\appointments\services\AppointmentsService.ts
FN:32,__decorate
FN:32,__metadata
FN:32,__param
FN:32,__awaiter
FN:32,adopt
FN:32,fulfilled
FN:32,rejected
FN:32,step
FN:32,__generator
FN:32,sent
FN:32,g.<computed>
FN:32,verb
FN:32,step
FN:32,__importDefault
FN:9,AppointmentsService
FN:14,AppointmentsService.create
FN:27,AppointmentsService.all
FNF:17
FNH:15
FNDA:1,__decorate
FNDA:1,__metadata
FNDA:1,__param
FNDA:5,__awaiter
FNDA:7,adopt
FNDA:7,fulfilled
FNDA:0,rejected
FNDA:11,step
FNDA:5,__generator
FNDA:7,sent
FNDA:0,g.<computed>
FNDA:15,verb
FNDA:12,step
FNDA:1,__importDefault
FNDA:3,AppointmentsService
FNDA:4,AppointmentsService.create
FNDA:1,AppointmentsService.all
DA:1,1
DA:2,1
DA:3,1
DA:4,1
DA:5,1
DA:6,1
DA:7,1
DA:8,1
DA:9,1
DA:10,3
DA:11,3
DA:12,3
DA:13,1
DA:14,1
DA:15,4
DA:16,4
DA:17,4
DA:18,4
DA:19,4
DA:20,4
DA:21,3
DA:22,3
DA:23,4
DA:24,4
DA:25,4
DA:26,1
DA:27,1
DA:28,1
DA:29,1
DA:30,1
DA:31,1
DA:32,1
LF:32
LH:32
BRDA:32,0,0,1
BRDA:32,1,0,1
BRDA:32,2,0,0
BRDA:32,3,0,0
BRDA:32,4,0,0
BRDA:32,5,0,0
BRDA:32,6,0,1
BRDA:32,7,0,1
BRDA:32,8,0,1
BRDA:32,9,0,5
BRDA:32,10,0,7
BRDA:32,11,0,0
BRDA:32,12,0,5
BRDA:32,13,0,7
BRDA:32,14,0,6
BRDA:32,15,0,1
BRDA:32,16,0,11
BRDA:32,17,0,4
BRDA:32,18,0,7
BRDA:32,19,0,5
BRDA:32,20,0,7
BRDA:32,21,0,0
BRDA:32,22,0,15
BRDA:32,23,0,12
BRDA:32,24,0,12
BRDA:32,25,0,0
BRDA:32,26,0,24
BRDA:32,27,0,0
BRDA:32,28,0,0
BRDA:32,29,0,0
BRDA:32,30,0,0
BRDA:32,31,0,12
BRDA:32,32,0,12
BRDA:32,33,0,7
BRDA:32,34,0,0
BRDA:32,35,0,0
BRDA:32,36,0,5
BRDA:32,37,0,0
BRDA:32,38,0,4
BRDA:32,39,0,0
BRDA:32,40,0,0
BRDA:32,41,0,0
BRDA:32,42,0,0
BRDA:32,43,0,12
BRDA:32,44,0,11
BRDA:32,45,0,1
BRDA:32,46,0,12
BRDA:32,47,0,5
BRDA:32,48,0,1
BRDA:32,49,0,4
BRDA:32,50,0,0
BRDA:32,51,0,1
BRDA:32,52,0,0
BRDA:8,53,0,1
BRDA:9,54,0,3
BRDA:14,55,0,4
BRDA:32,56,0,4
BRDA:32,57,0,11
BRDA:32,58,0,4
BRDA:32,59,0,4
BRDA:20,60,0,1
BRDA:20,61,0,3
BRDA:32,62,0,3
BRDA:27,63,0,1
BRDA:27,64,0,1
BRDA:32,65,0,1
BRF:66
BRH:46
end_of_record
TN:
SF:src\modules\users\services\AuthService.ts
FN:58,__decorate
FN:58,__metadata
FN:58,__param
FN:58,__awaiter
FN:58,adopt
FN:58,fulfilled
FN:58,rejected
FN:58,step
FN:58,__generator
FN:58,sent
FN:58,g.<computed>
FN:58,verb
FN:58,step
FN:58,__importDefault
FN:15,AuthService
FN:22,AuthService.login
FN:46,AuthService.createToken
FNF:17
FNH:15
FNDA:1,__decorate
FNDA:1,__metadata
FNDA:1,__param
FNDA:4,__awaiter
FNDA:6,adopt
FNDA:6,fulfilled
FNDA:0,rejected
FNDA:8,step
FNDA:4,__generator
FNDA:6,sent
FNDA:0,g.<computed>
FNDA:12,verb
FNDA:10,step
FNDA:1,__importDefault
FNDA:3,AuthService
FNDA:3,AuthService.login
FNDA:1,AuthService.createToken
DA:1,1
DA:2,1
DA:3,1
DA:4,1
DA:5,1
DA:6,1
DA:7,1
DA:8,1
DA:9,1
DA:10,1
DA:11,1
DA:12,1
DA:13,1
DA:14,1
DA:15,1
DA:16,3
DA:17,3
DA:18,3
DA:19,3
DA:20,3
DA:21,1
DA:22,1
DA:23,3
DA:24,3
DA:25,3
DA:26,3
DA:27,2
DA:28,2
DA:29,3
DA:30,3
DA:31,3
DA:32,1
DA:33,1
DA:34,3
DA:35,3
DA:36,3
DA:37,3
DA:38,3
DA:39,3
DA:40,3
DA:41,3
DA:42,3
DA:43,3
DA:44,3
DA:45,1
DA:46,1
DA:47,1
DA:48,1
DA:49,1
DA:50,1
DA:51,1
DA:52,1
DA:53,1
DA:54,1
DA:55,1
DA:56,1
DA:57,1
DA:58,1
LF:58
LH:58
BRDA:58,0,0,1
BRDA:58,1,0,1
BRDA:58,2,0,0
BRDA:58,3,0,0
BRDA:58,4,0,0
BRDA:58,5,0,0
BRDA:58,6,0,1
BRDA:58,7,0,1
BRDA:58,8,0,1
BRDA:58,9,0,4
BRDA:58,10,0,6
BRDA:58,11,0,0
BRDA:58,12,0,4
BRDA:58,13,0,6
BRDA:58,14,0,4
BRDA:58,15,0,2
BRDA:58,16,0,8
BRDA:58,17,0,2
BRDA:58,18,0,6
BRDA:58,19,0,4
BRDA:58,20,0,6
BRDA:58,21,0,0
BRDA:58,22,0,12
BRDA:58,23,0,10
BRDA:58,24,0,10
BRDA:58,25,0,0
BRDA:58,26,0,20
BRDA:58,27,0,0
BRDA:58,28,0,0
BRDA:58,29,0,0
BRDA:58,30,0,0
BRDA:58,31,0,10
BRDA:58,32,0,10
BRDA:58,33,0,6
BRDA:58,34,0,0
BRDA:58,35,0,0
BRDA:58,36,0,4
BRDA:58,37,0,0
BRDA:58,38,0,2
BRDA:58,39,0,0
BRDA:58,40,0,0
BRDA:58,41,0,0
BRDA:58,42,0,0
BRDA:58,43,0,10
BRDA:58,44,0,8
BRDA:58,45,0,2
BRDA:58,46,0,10
BRDA:58,47,0,4
BRDA:58,48,0,2
BRDA:58,49,0,0
BRDA:58,50,0,1
BRDA:58,51,0,0
BRDA:14,52,0,1
BRDA:15,53,0,3
BRDA:22,54,0,3
BRDA:58,55,0,3
BRDA:58,56,0,9
BRDA:23,57,0,3
BRDA:58,58,0,3
BRDA:26,59,0,1
BRDA:26,60,0,2
BRDA:58,61,0,2
BRDA:31,62,0,1
BRDA:58,63,0,1
BRDA:46,64,0,1
BRDA:58,65,0,1
BRDA:58,66,0,1
BRF:67
BRH:47
end_of_record
TN:
SF:src\modules\users\services\UserService.ts
FN:59,__decorate
FN:59,__metadata
FN:59,__param
FN:59,__awaiter
FN:59,adopt
FN:59,fulfilled
FN:59,rejected
FN:59,step
FN:59,__generator
FN:59,sent
FN:59,g.<computed>
FN:59,verb
FN:59,step
FN:59,__importDefault
FN:15,UserService
FN:26,UserService.create
FN:39,UserService.saveAvatar
FNF:17
FNH:15
FNDA:2,__decorate
FNDA:2,__metadata
FNDA:6,__param
FNDA:10,__awaiter
FNDA:21,adopt
FNDA:21,fulfilled
FNDA:0,rejected
FNDA:29,step
FNDA:10,__generator
FNDA:21,sent
FNDA:0,g.<computed>
FNDA:30,verb
FNDA:31,step
FNDA:2,__importDefault
FNDA:7,UserService
FNDA:7,UserService.create
FNDA:3,UserService.saveAvatar
DA:1,1
DA:2,1
DA:3,1
DA:4,1
DA:5,1
DA:6,1
DA:7,1
DA:8,1
DA:9,1
DA:10,1
DA:11,1
DA:12,1
DA:13,1
DA:14,2
DA:15,2
DA:16,7
DA:17,7
DA:18,7
DA:19,7
DA:20,7
DA:21,7
DA:22,7
DA:23,7
DA:24,7
DA:25,2
DA:26,2
DA:27,7
DA:28,7
DA:29,7
DA:30,7
DA:31,6
DA:32,6
DA:33,7
DA:34,7
DA:35,7
DA:36,7
DA:37,7
DA:38,2
DA:39,2
DA:40,3
DA:41,3
DA:42,3
DA:43,3
DA:44,2
DA:45,2
DA:46,1
DA:47,3
DA:48,3
DA:49,3
DA:50,3
DA:51,3
DA:52,3
DA:53,3
DA:54,3
DA:55,3
DA:56,3
DA:57,2
DA:58,1
DA:59,1
LF:59
LH:59
BRDA:59,0,0,2
BRDA:59,1,0,2
BRDA:59,2,0,0
BRDA:59,3,0,0
BRDA:59,4,0,0
BRDA:59,5,0,0
BRDA:59,6,0,2
BRDA:59,7,0,6
BRDA:59,8,0,6
BRDA:59,9,0,10
BRDA:59,10,0,21
BRDA:59,11,0,20
BRDA:59,12,0,1
BRDA:59,13,0,1
BRDA:59,14,0,10
BRDA:59,15,0,21
BRDA:59,16,0,19
BRDA:59,17,0,2
BRDA:59,18,0,29
BRDA:59,19,0,8
BRDA:59,20,0,21
BRDA:59,21,0,10
BRDA:59,22,0,21
BRDA:59,23,0,0
BRDA:59,24,0,30
BRDA:59,25,0,31
BRDA:59,26,0,31
BRDA:59,27,0,0
BRDA:59,28,0,63
BRDA:59,29,0,0
BRDA:59,30,0,0
BRDA:59,31,0,0
BRDA:59,32,0,0
BRDA:59,33,0,31
BRDA:59,34,0,31
BRDA:59,35,0,21
BRDA:59,36,0,0
BRDA:59,37,0,0
BRDA:59,38,0,11
BRDA:59,39,0,0
BRDA:59,40,0,9
BRDA:59,41,0,10
BRDA:59,42,0,1
BRDA:59,43,0,0
BRDA:59,44,0,8
BRDA:59,45,0,1
BRDA:59,46,0,0
BRDA:59,47,0,0
BRDA:59,48,0,0
BRDA:59,49,0,54
BRDA:59,50,0,32
BRDA:59,51,0,30
BRDA:59,52,0,2
BRDA:59,53,0,32
BRDA:59,54,0,10
BRDA:59,55,0,2
BRDA:59,56,0,8
BRDA:59,57,0,0
BRDA:59,58,0,2
BRDA:59,59,0,0
BRDA:14,60,0,2
BRDA:15,61,0,7
BRDA:26,62,0,7
BRDA:59,63,0,7
BRDA:59,64,0,20
BRDA:27,65,0,7
BRDA:59,66,0,7
BRDA:30,67,0,1
BRDA:30,68,0,6
BRDA:59,69,0,6
BRDA:39,70,0,3
BRDA:59,71,0,3
BRDA:59,72,0,12
BRDA:40,73,0,3
BRDA:59,74,0,3
BRDA:43,75,0,1
BRDA:43,76,0,2
BRDA:45,77,0,1
BRDA:59,78,0,1
BRDA:49,79,0,2
BRDA:59,80,0,2
BRDA:59,81,0,2
BRF:82
BRH:63
end_of_record
