TN:
SF:src\modules\appointments\services\AppointmentsService.ts
FN:32,__decorate
FN:32,__metadata
FN:32,__param
FN:32,__awaiter
FN:32,adopt
FN:32,fulfilled
FN:32,rejected
FN:32,step
FN:32,__generator
FN:32,sent
FN:32,g.<computed>
FN:32,verb
FN:32,step
FN:32,__importDefault
FN:9,AppointmentsService
FN:14,AppointmentsService.create
FN:27,AppointmentsService.all
FNF:17
FNH:15
FNDA:1,__decorate
FNDA:1,__metadata
FNDA:1,__param
FNDA:5,__awaiter
FNDA:7,adopt
FNDA:7,fulfilled
FNDA:0,rejected
FNDA:11,step
FNDA:5,__generator
FNDA:7,sent
FNDA:0,g.<computed>
FNDA:15,verb
FNDA:12,step
FNDA:1,__importDefault
FNDA:3,AppointmentsService
FNDA:4,AppointmentsService.create
FNDA:1,AppointmentsService.all
DA:1,1
DA:2,1
DA:3,1
DA:4,1
DA:5,1
DA:6,1
DA:7,1
DA:8,1
DA:9,1
DA:10,3
DA:11,3
DA:12,3
DA:13,1
DA:14,1
DA:15,4
DA:16,4
DA:17,4
DA:18,4
DA:19,4
DA:20,4
DA:21,3
DA:22,3
DA:23,4
DA:24,4
DA:25,4
DA:26,1
DA:27,1
DA:28,1
DA:29,1
DA:30,1
DA:31,1
DA:32,1
LF:32
LH:32
BRDA:32,0,0,1
BRDA:32,1,0,1
BRDA:32,2,0,0
BRDA:32,3,0,0
BRDA:32,4,0,0
BRDA:32,5,0,0
BRDA:32,6,0,1
BRDA:32,7,0,1
BRDA:32,8,0,1
BRDA:32,9,0,5
BRDA:32,10,0,7
BRDA:32,11,0,0
BRDA:32,12,0,5
BRDA:32,13,0,7
BRDA:32,14,0,6
BRDA:32,15,0,1
BRDA:32,16,0,11
BRDA:32,17,0,4
BRDA:32,18,0,7
BRDA:32,19,0,5
BRDA:32,20,0,7
BRDA:32,21,0,0
BRDA:32,22,0,15
BRDA:32,23,0,12
BRDA:32,24,0,12
BRDA:32,25,0,0
BRDA:32,26,0,24
BRDA:32,27,0,0
BRDA:32,28,0,0
BRDA:32,29,0,0
BRDA:32,30,0,0
BRDA:32,31,0,12
BRDA:32,32,0,12
BRDA:32,33,0,7
BRDA:32,34,0,0
BRDA:32,35,0,0
BRDA:32,36,0,5
BRDA:32,37,0,0
BRDA:32,38,0,4
BRDA:32,39,0,0
BRDA:32,40,0,0
BRDA:32,41,0,0
BRDA:32,42,0,0
BRDA:32,43,0,12
BRDA:32,44,0,11
BRDA:32,45,0,1
BRDA:32,46,0,12
BRDA:32,47,0,5
BRDA:32,48,0,1
BRDA:32,49,0,4
BRDA:32,50,0,0
BRDA:32,51,0,1
BRDA:32,52,0,0
BRDA:8,53,0,1
BRDA:9,54,0,3
BRDA:14,55,0,4
BRDA:32,56,0,4
BRDA:32,57,0,11
BRDA:32,58,0,4
BRDA:32,59,0,4
BRDA:20,60,0,1
BRDA:20,61,0,3
BRDA:32,62,0,3
BRDA:27,63,0,1
BRDA:27,64,0,1
BRDA:32,65,0,1
BRF:66
BRH:46
end_of_record
TN:
SF:src\modules\users\services\AuthService.ts
FN:56,__decorate
FN:56,__metadata
FN:56,__param
FN:56,__awaiter
FN:56,adopt
FN:56,fulfilled
FN:56,rejected
FN:56,step
FN:56,__generator
FN:56,sent
FN:56,g.<computed>
FN:56,verb
FN:56,step
FN:56,__importDefault
FN:15,AuthService
FN:20,AuthService.login
FN:44,AuthService.createToken
FNF:17
FNH:15
FNDA:1,__decorate
FNDA:1,__metadata
FNDA:1,__param
FNDA:4,__awaiter
FNDA:6,adopt
FNDA:5,fulfilled
FNDA:0,rejected
FNDA:8,step
FNDA:4,__generator
FNDA:5,sent
FNDA:0,g.<computed>
FNDA:12,verb
FNDA:9,step
FNDA:1,__importDefault
FNDA:3,AuthService
FNDA:3,AuthService.login
FNDA:1,AuthService.createToken
DA:1,1
DA:2,1
DA:3,1
DA:4,1
DA:5,1
DA:6,1
DA:7,1
DA:8,1
DA:9,1
DA:10,1
DA:11,1
DA:12,1
DA:13,1
DA:14,1
DA:15,1
DA:16,3
DA:17,3
DA:18,3
DA:19,1
DA:20,1
DA:21,3
DA:22,3
DA:23,3
DA:24,3
DA:25,2
DA:26,2
DA:27,3
DA:28,3
DA:29,3
DA:30,3
DA:31,3
DA:32,3
DA:33,3
DA:34,3
DA:35,3
DA:36,3
DA:37,3
DA:38,3
DA:39,3
DA:40,3
DA:41,3
DA:42,3
DA:43,1
DA:44,1
DA:45,1
DA:46,1
DA:47,1
DA:48,1
DA:49,1
DA:50,1
DA:51,1
DA:52,1
DA:53,1
DA:54,1
DA:55,1
DA:56,1
LF:56
LH:56
BRDA:56,0,0,1
BRDA:56,1,0,1
BRDA:56,2,0,0
BRDA:56,3,0,0
BRDA:56,4,0,0
BRDA:56,5,0,0
BRDA:56,6,0,1
BRDA:56,7,0,1
BRDA:56,8,0,1
BRDA:56,9,0,4
BRDA:56,10,0,6
BRDA:56,11,0,0
BRDA:56,12,0,4
BRDA:56,13,0,5
BRDA:56,14,0,4
BRDA:56,15,0,1
BRDA:56,16,0,8
BRDA:56,17,0,2
BRDA:56,18,0,6
BRDA:56,19,0,4
BRDA:56,20,0,5
BRDA:56,21,0,0
BRDA:56,22,0,12
BRDA:56,23,0,9
BRDA:56,24,0,9
BRDA:56,25,0,0
BRDA:56,26,0,18
BRDA:56,27,0,0
BRDA:56,28,0,0
BRDA:56,29,0,0
BRDA:56,30,0,0
BRDA:56,31,0,9
BRDA:56,32,0,9
BRDA:56,33,0,6
BRDA:56,34,0,0
BRDA:56,35,0,0
BRDA:56,36,0,3
BRDA:56,37,0,0
BRDA:56,38,0,2
BRDA:56,39,0,0
BRDA:56,40,0,0
BRDA:56,41,0,0
BRDA:56,42,0,0
BRDA:56,43,0,9
BRDA:56,44,0,8
BRDA:56,45,0,1
BRDA:56,46,0,9
BRDA:56,47,0,3
BRDA:56,48,0,1
BRDA:56,49,0,2
BRDA:56,50,0,0
BRDA:56,51,0,1
BRDA:56,52,0,0
BRDA:14,53,0,1
BRDA:15,54,0,3
BRDA:20,55,0,3
BRDA:56,56,0,3
BRDA:56,57,0,8
BRDA:21,58,0,3
BRDA:56,59,0,3
BRDA:24,60,0,1
BRDA:24,61,0,2
BRDA:56,62,0,1
BRDA:29,63,0,0
BRDA:56,64,0,1
BRDA:44,65,0,1
BRDA:56,66,0,1
BRDA:56,67,0,1
BRF:68
BRH:47
end_of_record
TN:
SF:src\modules\users\services\UserService.ts
FN:60,__decorate
FN:60,__metadata
FN:60,__param
FN:60,__awaiter
FN:60,adopt
FN:60,fulfilled
FN:60,rejected
FN:60,step
FN:60,__generator
FN:60,sent
FN:60,g.<computed>
FN:60,verb
FN:60,step
FN:60,__importDefault
FN:18,UserService
FN:23,UserService.create
FN:36,UserService.saveAvatar
FNF:17
FNH:16
FNDA:2,__decorate
FNDA:2,__metadata
FNDA:2,__param
FNDA:10,__awaiter
FNDA:19,adopt
FNDA:18,fulfilled
FNDA:1,rejected
FNDA:27,step
FNDA:10,__generator
FNDA:20,sent
FNDA:0,g.<computed>
FNDA:30,verb
FNDA:29,step
FNDA:6,__importDefault
FNDA:7,UserService
FNDA:7,UserService.create
FNDA:3,UserService.saveAvatar
DA:1,1
DA:2,1
DA:3,1
DA:4,1
DA:5,1
DA:6,1
DA:7,1
DA:8,1
DA:9,1
DA:10,1
DA:11,1
DA:12,1
DA:13,1
DA:14,1
DA:15,1
DA:16,1
DA:17,2
DA:18,2
DA:19,7
DA:20,7
DA:21,7
DA:22,2
DA:23,2
DA:24,7
DA:25,7
DA:26,7
DA:27,7
DA:28,6
DA:29,6
DA:30,7
DA:31,7
DA:32,7
DA:33,7
DA:34,7
DA:35,2
DA:36,2
DA:37,3
DA:38,3
DA:39,3
DA:40,3
DA:41,2
DA:42,2
DA:43,3
DA:44,3
DA:45,3
DA:46,3
DA:47,3
DA:48,3
DA:49,3
DA:50,3
DA:51,3
DA:52,3
DA:53,3
DA:54,3
DA:55,3
DA:56,3
DA:57,3
DA:58,2
DA:59,1
DA:60,1
LF:60
LH:60
BRDA:60,0,0,2
BRDA:60,1,0,2
BRDA:60,2,0,0
BRDA:60,3,0,0
BRDA:60,4,0,0
BRDA:60,5,0,0
BRDA:60,6,0,2
BRDA:60,7,0,2
BRDA:60,8,0,2
BRDA:60,9,0,10
BRDA:60,10,0,19
BRDA:60,11,0,18
BRDA:60,12,0,1
BRDA:60,13,0,1
BRDA:60,14,0,10
BRDA:60,15,0,18
BRDA:60,16,0,16
BRDA:60,17,0,2
BRDA:60,18,0,1
BRDA:60,19,0,0
BRDA:60,20,0,27
BRDA:60,21,0,8
BRDA:60,22,0,19
BRDA:60,23,0,10
BRDA:60,24,0,20
BRDA:60,25,0,1
BRDA:60,26,0,19
BRDA:60,27,0,30
BRDA:60,28,0,29
BRDA:60,29,0,29
BRDA:60,30,0,0
BRDA:60,31,0,62
BRDA:60,32,0,0
BRDA:60,33,0,0
BRDA:60,34,0,0
BRDA:60,35,0,0
BRDA:60,36,0,28
BRDA:60,37,0,29
BRDA:60,38,0,19
BRDA:60,39,0,0
BRDA:60,40,0,0
BRDA:60,41,0,14
BRDA:60,42,0,2
BRDA:60,43,0,12
BRDA:60,44,0,10
BRDA:60,45,0,10
BRDA:60,46,0,11
BRDA:60,47,0,4
BRDA:60,48,0,3
BRDA:60,49,0,1
BRDA:60,50,0,11
BRDA:60,51,0,2
BRDA:60,52,0,1
BRDA:60,53,0,1
BRDA:60,54,0,11
BRDA:60,55,0,0
BRDA:60,56,0,1
BRDA:60,57,0,0
BRDA:60,58,0,1
BRDA:60,59,0,53
BRDA:60,60,0,32
BRDA:60,61,0,29
BRDA:60,62,0,3
BRDA:60,63,0,32
BRDA:60,64,0,10
BRDA:60,65,0,2
BRDA:60,66,0,8
BRDA:60,67,0,0
BRDA:60,68,0,6
BRDA:60,69,0,2
BRDA:60,70,0,4
BRDA:17,71,0,2
BRDA:18,72,0,7
BRDA:23,73,0,7
BRDA:60,74,0,7
BRDA:60,75,0,20
BRDA:24,76,0,7
BRDA:60,77,0,7
BRDA:27,78,0,1
BRDA:27,79,0,6
BRDA:60,80,0,6
BRDA:36,81,0,3
BRDA:60,82,0,3
BRDA:60,83,0,12
BRDA:37,84,0,3
BRDA:60,85,0,3
BRDA:40,86,0,1
BRDA:40,87,0,2
BRDA:60,88,0,1
BRDA:60,89,0,1
BRDA:60,90,0,1
BRDA:60,91,0,0
BRDA:60,92,0,1
BRDA:60,93,0,2
BRDA:60,94,0,2
BRF:95
BRH:79
end_of_record
